
==============================================================================
INPUT:
63.133705, -60.367111, 0
OUTPUT:
213.133698, -60.367111

==============================================================================
INPUT:
213.133698, -60.367111, 0
OUTPUT:
213.133698, 89.632889

==============================================================================
INPUT:
213.133698, 90.193878, 0
OUTPUT:
63.133705, 89.632889

==============================================================================
INPUT:
63.133705, 89.632889, 0
OUTPUT:
-86.866295, 89.632889

==============================================================================
INPUT:
-86.278503, 89.632889, 0
OUTPUT:
-86.866295, -60.367111

==============================================================================
INPUT:
-86.868011, -60.804825, 0
OUTPUT:
-86.866295, -210.367111

==============================================================================
INPUT:
-86.866295, -210.367111, 0
OUTPUT:
63.133705, -210.367111

==============================================================================
INPUT:
62.467705, -210.367111, 0
OUTPUT:
213.133698, -210.367111

==============================================================================
INPUT:
212.340576, -210.367111, 0
OUTPUT:
363.133698, -210.367111

==============================================================================
INPUT:
363.133698, -210.367111, 0
OUTPUT:
363.133698, -60.367111
