
==============================================================================
INPUT:
-63.500000, -63.500000, 0
OUTPUT:
136.500000, -63.500000

==============================================================================
INPUT:
135.548492, -63.500000, 0
OUTPUT:
335.548492, -263.500000

==============================================================================
INPUT:
335.941010, -263.892548, 0
OUTPUT:
135.941010, -263.892548

==============================================================================
INPUT:
136.011765, -263.892548, 0
OUTPUT:
336.011780, -263.892548

==============================================================================
INPUT:
336.398804, -263.892548, 0
OUTPUT:
136.398804, -463.892548

==============================================================================
INPUT:
136.398804, -463.892548, 0
OUTPUT:
336.398804, -463.892548

==============================================================================
INPUT:
336.556305, -463.892548, 0
OUTPUT:
536.556274, -263.892548

==============================================================================
INPUT:
536.308044, -264.140747, 0
OUTPUT:
536.308044, -64.140747

==============================================================================
INPUT:
536.308044, -64.793350, 0
OUTPUT:
736.308044, -64.793350

==============================================================================
INPUT:
735.599121, -64.793350, 0
OUTPUT:
735.599121, -264.793335

==============================================================================
INPUT:
735.599121, -265.380951, 0
OUTPUT:
535.599121, -265.380951

==============================================================================
INPUT:
535.137268, -265.380951, 0
OUTPUT:
335.137268, -265.380951

==============================================================================
INPUT:
334.588989, -265.380951, 0
OUTPUT:
134.588989, -265.380951

==============================================================================
INPUT:
134.157333, -265.380951, 0
OUTPUT:
334.157349, -465.380951

==============================================================================
INPUT:
334.496368, -465.719971, 0
OUTPUT:
134.496368, -465.719971

==============================================================================
INPUT:
135.149475, -465.719971, 0
OUTPUT:
135.149475, -265.719971

==============================================================================
INPUT:
135.149475, -265.439636, 0
OUTPUT:
-64.850525, -265.439636

==============================================================================
INPUT:
-65.589706, -265.439636, 0
OUTPUT:
-65.589706, -265.439636

==============================================================================
INPUT:
-65.589706, -265.439636, 0
OUTPUT:
134.410294, -65.439636

==============================================================================
INPUT:
134.006180, -65.843758, 0
OUTPUT:
134.006180, -65.843758

==============================================================================
INPUT:
134.006180, -65.843758, 0
OUTPUT:
-65.993820, -265.843750

==============================================================================
INPUT:
-66.410614, -266.260529, 0
OUTPUT:
-66.410614, -466.260529

==============================================================================
INPUT:
-66.410614, -467.250244, 0
OUTPUT:
133.589386, -667.250244

==============================================================================
INPUT:
133.049393, -666.727295, 0
OUTPUT:
-66.950607, -466.727295

==============================================================================
INPUT:
-67.399681, -466.279846, 0
OUTPUT:
-67.399681, -466.279846

==============================================================================
INPUT:
-67.399681, -466.279846, 0
OUTPUT:
132.600311, -666.279846

==============================================================================
INPUT:
132.607315, -666.286926, 0
OUTPUT:
-67.392685, -466.286926

==============================================================================
INPUT:
-67.199623, -466.479980, 0
OUTPUT:
-267.199615, -666.479980

==============================================================================
INPUT:
-266.845245, -666.125610, 0
OUTPUT:
-466.845245, -666.125610

==============================================================================
INPUT:
-467.503571, -666.125610, 0
OUTPUT:
-267.503571, -666.125610

==============================================================================
INPUT:
-266.833405, -666.125610, 0
OUTPUT:
-266.833405, -666.125610

==============================================================================
INPUT:
-266.833405, -666.125610, 0
OUTPUT:
-466.833405, -466.125610

==============================================================================
INPUT:
-466.164398, -466.794617, 0
OUTPUT:
-466.164398, -266.794617

==============================================================================
INPUT:
-466.164398, -267.424896, 0
OUTPUT:
-466.164398, -267.424896

==============================================================================
INPUT:
-466.164398, -267.424896, 0
OUTPUT:
-466.164398, -67.424896

==============================================================================
INPUT:
-466.164398, -67.301468, 0
OUTPUT:
-266.164398, 132.698532

==============================================================================
INPUT:
-265.924591, 132.931976, 0
OUTPUT:
-265.924591, 132.931976

==============================================================================
INPUT:
-265.924591, 132.931976, 0
OUTPUT:
-265.924591, -67.068024

==============================================================================
INPUT:
-265.924591, -67.692482, 0
OUTPUT:
-65.924591, -67.692482

==============================================================================
INPUT:
-66.411987, -67.692482, 0
OUTPUT:
133.588013, 132.307526

==============================================================================
INPUT:
133.439743, 132.159225, 0
OUTPUT:
133.439743, -67.840775

==============================================================================
INPUT:
133.439743, -66.970055, 0
OUTPUT:
333.439758, -266.970062

==============================================================================
INPUT:
333.338837, -266.869141, 0
OUTPUT:
333.338837, -266.869141

==============================================================================
INPUT:
333.338837, -266.869141, 0
OUTPUT:
133.338837, -66.869141

==============================================================================
INPUT:
133.208817, -66.739120, 0
OUTPUT:
333.208801, -266.739136

==============================================================================
INPUT:
333.873413, -267.403748, 0
OUTPUT:
133.873413, -67.403748

==============================================================================
INPUT:
133.840546, -67.370880, 0
OUTPUT:
-66.159454, -67.370880

==============================================================================
INPUT:
-65.446411, -67.370880, 0
OUTPUT:
134.553589, -267.370880

==============================================================================
INPUT:
134.505600, -267.322876, 0
OUTPUT:
-65.494400, -267.322876

==============================================================================
INPUT:
-64.733665, -267.322876, 0
OUTPUT:
135.266327, -467.322876

==============================================================================
INPUT:
135.489578, -467.546143, 0
OUTPUT:
335.489563, -467.546143

==============================================================================
INPUT:
335.545349, -467.546143, 0
OUTPUT:
135.545349, -467.546143

==============================================================================
INPUT:
135.692520, -467.546143, 0
OUTPUT:
135.692520, -267.546143

==============================================================================
INPUT:
135.692520, -267.910797, 0
OUTPUT:
-64.307480, -467.910797

==============================================================================
INPUT:
-64.009377, -467.612701, 0
OUTPUT:
135.990631, -267.612701

==============================================================================
INPUT:
136.533875, -267.069458, 0
OUTPUT:
336.533875, -67.069458

==============================================================================
INPUT:
336.309174, -67.294167, 0
OUTPUT:
536.309204, -267.294159

==============================================================================
INPUT:
536.050476, -267.035400, 0
OUTPUT:
336.050476, -267.035400

==============================================================================
INPUT:
336.307770, -267.035400, 0
OUTPUT:
136.307770, -267.035400

==============================================================================
INPUT:
136.184158, -267.035400, 0
OUTPUT:
136.184158, -67.035400

==============================================================================
INPUT:
136.184158, -66.157463, 0
OUTPUT:
-63.815842, -66.157463

==============================================================================
INPUT:
-63.922279, -66.157463, 0
OUTPUT:
-263.922272, -266.157471

==============================================================================
INPUT:
-264.201050, -266.436218, 0
OUTPUT:
-264.201050, -266.436218

==============================================================================
INPUT:
-264.201050, -266.436218, 0
OUTPUT:
-64.201050, -266.436218

==============================================================================
INPUT:
-63.764893, -266.436218, 0
OUTPUT:
-263.764893, -266.436218

==============================================================================
INPUT:
-263.366364, -266.436218, 0
OUTPUT:
-63.366364, -266.436218

==============================================================================
INPUT:
-154.933121, -231.033951, 24
OUTPUT:
-354.933105, -231.033951

==============================================================================
INPUT:
-158.169510, -231.458649, 5
OUTPUT:
-158.169510, -231.458649

==============================================================================
INPUT:
-158.506241, -228.444092, 34
OUTPUT:
-158.506241, -228.444092

==============================================================================
INPUT:
-163.458557, -229.491241, 14
OUTPUT:
-163.458557, -229.491241

==============================================================================
INPUT:
-168.092239, -229.550018, 6
OUTPUT:
-368.092224, -29.550018

==============================================================================
INPUT:
-169.824402, -228.005692, 15
OUTPUT:
30.175598, -428.005676

==============================================================================
INPUT:
-166.549881, -226.267990, 26
OUTPUT:
-166.549881, -26.267990

==============================================================================
INPUT:
-169.995850, -223.755463, 18
OUTPUT:
-369.995850, -223.755463

==============================================================================
INPUT:
-163.296906, -223.495270, 18
OUTPUT:
-163.296906, -423.495270

==============================================================================
INPUT:
-163.494675, -217.713486, 16
OUTPUT:
-363.494690, -217.713486

==============================================================================
INPUT:
-158.954285, -218.449997, 9
OUTPUT:
-158.954285, -418.450012

==============================================================================
INPUT:
-154.378662, -222.350372, 33
OUTPUT:
-154.378662, -22.350372

==============================================================================
INPUT:
-153.424133, -224.280853, 27
OUTPUT:
-153.424133, -224.280853

==============================================================================
INPUT:
-168.989426, -217.715363, 22
OUTPUT:
-368.989441, -217.715363

==============================================================================
INPUT:
-174.288437, -218.088593, 12
OUTPUT:
-374.288452, -418.088593

==============================================================================
INPUT:
-173.946716, -228.786728, 5
OUTPUT:
26.053284, -428.786743

==============================================================================
INPUT:
-172.451813, -217.867630, 24
OUTPUT:
-372.451813, -17.867630

==============================================================================
INPUT:
-176.519257, -217.550735, 11
OUTPUT:
-376.519257, -17.550735

==============================================================================
INPUT:
-179.461533, -217.458099, 15
OUTPUT:
-179.461533, -217.458099

==============================================================================
INPUT:
-179.501785, -232.153229, 18
OUTPUT:
-379.501770, -32.153229

==============================================================================
INPUT:
-177.500000, -232.500000, 14
OUTPUT:
-377.500000, -232.500000

==============================================================================
INPUT:
-162.210770, -234.430771, 7
OUTPUT:
-362.210754, -34.430771

==============================================================================
INPUT:
-159.477859, -207.415924, 17
OUTPUT:
-159.477859, -7.415924

==============================================================================
INPUT:
-156.141876, -207.771912, 32
OUTPUT:
-356.141876, -207.771912

==============================================================================
INPUT:
-152.241394, -207.491272, 29
OUTPUT:
-152.241394, -407.491272

==============================================================================
INPUT:
-165.452682, -225.443695, 35
OUTPUT:
-165.452682, -425.443695

==============================================================================
INPUT:
-164.355911, -241.285324, 13
OUTPUT:
-364.355896, -441.285339

==============================================================================
INPUT:
-167.475952, -240.130920, 29
OUTPUT:
32.524048, -240.130920

==============================================================================
INPUT:
-169.694778, -239.480392, 12
OUTPUT:
-169.694778, -439.480408

==============================================================================
INPUT:
-170.995667, -239.813293, 26
OUTPUT:
-170.995667, -239.813293

==============================================================================
INPUT:
-170.784958, -239.944183, 0
OUTPUT:
-170.784958, -239.944183

==============================================================================
INPUT:
-170.784958, -239.944183, 0
OUTPUT:
29.215042, -439.944183

==============================================================================
INPUT:
29.814953, -440.544098, 0
OUTPUT:
-170.185043, -240.544098

==============================================================================
INPUT:
-169.771011, -240.958130, 0
OUTPUT:
-169.771011, -40.958130

==============================================================================
INPUT:
-169.771011, -41.457321, 0
OUTPUT:
-169.771011, 158.542679

==============================================================================
INPUT:
-169.771011, 158.543121, 0
OUTPUT:
-369.770996, 358.543121

==============================================================================
INPUT:
-370.018402, 358.790527, 0
OUTPUT:
-370.018402, 358.790527

==============================================================================
INPUT:
-370.018402, 358.790527, 0
OUTPUT:
-570.018433, 558.790527

==============================================================================
INPUT:
-570.548828, 559.320923, 0
OUTPUT:
-370.548828, 559.320923

==============================================================================
INPUT:
-371.208771, 559.320923, 0
OUTPUT:
-371.208771, 559.320923

==============================================================================
INPUT:
-371.208771, 559.320923, 0
OUTPUT:
-171.208771, 559.320923

==============================================================================
INPUT:
-171.437164, 559.320923, 0
OUTPUT:
-171.437164, 559.320923

==============================================================================
INPUT:
-171.437164, 559.320923, 0
OUTPUT:
-371.437164, 559.320923
