
==============================================================================
INPUT:
104.156494, -82.117401, 0
OUTPUT:
404.156494, -82.117401

==============================================================================
INPUT:
405.048309, -82.117401, 0
OUTPUT:
405.048309, 217.882599

==============================================================================
INPUT:
405.048309, 218.512253, 0
OUTPUT:
105.048309, 218.512253

==============================================================================
INPUT:
105.500801, 218.512253, 0
OUTPUT:
-194.499207, 218.512253

==============================================================================
INPUT:
-195.382370, 218.512253, 0
OUTPUT:
-195.382370, -81.487747

==============================================================================
INPUT:
-195.382370, -80.594963, 0
OUTPUT:
-195.382370, -380.594971

==============================================================================
INPUT:
-195.382370, -381.335602, 0
OUTPUT:
104.617630, -381.335602

==============================================================================
INPUT:
103.842987, -381.335602, 0
OUTPUT:
403.842987, -381.335602

==============================================================================
INPUT:
404.129120, -381.335602, 0
OUTPUT:
704.129150, -381.335602

==============================================================================
INPUT:
704.398987, -381.335602, 0
OUTPUT:
704.398987, -81.335602

==============================================================================
INPUT:
704.398987, -81.224701, 0
OUTPUT:
704.398987, 218.775299

==============================================================================
INPUT:
704.398987, 218.100021, 0
OUTPUT:
704.398987, 518.100037

==============================================================================
INPUT:
704.398987, 518.964417, 0
OUTPUT:
404.398987, 518.964417

==============================================================================
INPUT:
405.332184, 518.964417, 0
OUTPUT:
105.332184, 518.964417

==============================================================================
INPUT:
105.937828, 518.964417, 0
OUTPUT:
-194.062164, 518.964417

==============================================================================
INPUT:
-193.574478, 518.964417, 0
OUTPUT:
-493.574463, 518.964417

==============================================================================
INPUT:
-492.909607, 518.964417, 0
OUTPUT:
-492.909607, 218.964417

==============================================================================
INPUT:
-492.909607, 218.197601, 0
OUTPUT:
-492.909607, -81.802399

==============================================================================
INPUT:
-492.909607, -81.479355, 0
OUTPUT:
-492.909607, -381.479370

==============================================================================
INPUT:
-492.909607, -380.533142, 0
OUTPUT:
-492.909607, -680.533142

==============================================================================
INPUT:
-492.909607, -680.435913, 0
OUTPUT:
-192.909607, -680.435913

==============================================================================
INPUT:
-193.266907, -680.435913, 0
OUTPUT:
106.733093, -680.435913
