
==============================================================================
INPUT:
64.500000, 64.500000, 0
OUTPUT:
114.500000, 64.500000

==============================================================================
INPUT:
114.421791, 64.500000, 0
OUTPUT:
163.860352, 71.971909

==============================================================================
INPUT:
164.213104, 72.025223, 0
OUTPUT:
211.979935, 86.801231

==============================================================================
INPUT:
211.138901, 86.541069, 0
OUTPUT:
256.161255, 108.289345

==============================================================================
INPUT:
256.011383, 108.216942, 0
OUTPUT:
297.278168, 136.449066

==============================================================================
INPUT:
297.679688, 136.723785, 0
OUTPUT:
334.264130, 170.805725

==============================================================================
INPUT:
334.352081, 170.887650, 0
OUTPUT:
365.432587, 210.054001

==============================================================================
INPUT:
365.662659, 210.343964, 0
OUTPUT:
390.541199, 253.715118

==============================================================================
INPUT:
390.790680, 254.150055, 0
OUTPUT:
408.908569, 300.752014

==============================================================================
INPUT:
408.931946, 300.812103, 0
OUTPUT:
419.882263, 349.598267

==============================================================================
INPUT:
419.694122, 348.760132, 0
OUTPUT:
423.230988, 398.634888

==============================================================================
INPUT:
423.216461, 398.430359, 0
OUTPUT:
419.260406, 448.273621

==============================================================================
INPUT:
419.328827, 447.411499, 0
OUTPUT:
407.968719, 496.103882

==============================================================================
INPUT:
407.968719, 496.103882, 0
OUTPUT:
389.459686, 542.551880

==============================================================================
INPUT:
389.541443, 542.346741, 0
OUTPUT:
364.299133, 585.507202

==============================================================================
INPUT:
364.528748, 585.114685, 0
OUTPUT:
333.120056, 624.018372

==============================================================================
INPUT:
332.749451, 624.477417, 0
OUTPUT:
295.879761, 658.250549

==============================================================================
INPUT:
296.070557, 658.075745, 0
OUTPUT:
254.567871, 685.959900

==============================================================================
INPUT:
254.430313, 686.052307, 0
OUTPUT:
209.226700, 707.421326

==============================================================================
INPUT:
208.940002, 707.556885, 0
OUTPUT:
161.050644, 721.930786

==============================================================================
INPUT:
161.403183, 721.815552, 0
OUTPUT:
111.903557, 728.871582

==============================================================================
INPUT:
111.460663, 728.934692, 0
OUTPUT:
61.462429, 728.514343

==============================================================================
INPUT:
62.367199, 728.521973, 0
OUTPUT:
12.993210, 720.634705

==============================================================================
INPUT:
13.476830, 720.711914, 0
OUTPUT:
-34.164082, 705.534851

==============================================================================
INPUT:
-33.371101, 705.787476, 0
OUTPUT:
-78.209015, 683.661438

==============================================================================
INPUT:
-79.047119, 683.247864, 0
OUTPUT:
-120.075081, 654.669800

==============================================================================
INPUT:
-120.469421, 654.395142, 0
OUTPUT:
-156.766037, 620.006836

==============================================================================
INPUT:
-156.259674, 620.486511, 0
OUTPUT:
-187.009781, 581.060242

==============================================================================
INPUT:
-187.283951, 580.708740, 0
OUTPUT:
-211.796982, 537.129944

==============================================================================
INPUT:
-212.048584, 536.682617, 0
OUTPUT:
-229.774017, 489.929993

==============================================================================
INPUT:
-229.920837, 489.542755, 0
OUTPUT:
-240.460632, 440.666260

==============================================================================
INPUT:
-240.471115, 440.617676, 0
OUTPUT:
-243.588531, 390.714966

==============================================================================
INPUT:
-243.618347, 390.237946, 0
OUTPUT:
-239.243393, 340.429718

==============================================================================
INPUT:
-239.244080, 340.437653, 0
OUTPUT:
-227.474991, 291.842499

==============================================================================
INPUT:
-227.454636, 291.758453, 0
OUTPUT:
-208.555725, 245.467728

==============================================================================
INPUT:
-208.355911, 244.978317, 0
OUTPUT:
-182.751633, 202.031586

==============================================================================
INPUT:
-183.017639, 202.477798, 0
OUTPUT:
-151.282990, 163.839569

==============================================================================
INPUT:
-151.282990, 163.839569, 0
OUTPUT:
-114.130661, 130.377579

==============================================================================
INPUT:
-113.603340, 129.902649, 0
OUTPUT:
-71.867691, 102.368385

==============================================================================
INPUT:
-71.406960, 102.064430, 0
OUTPUT:
-26.025288, 81.076248

==============================================================================
INPUT:
-26.015453, 81.071693, 0
OUTPUT:
21.993061, 67.100922

==============================================================================
INPUT:
22.609970, 66.921402, 0
OUTPUT:
72.167168, 60.281811

==============================================================================
INPUT:
71.890625, 60.318863, 0
OUTPUT:
121.883560, 61.159569

==============================================================================
INPUT:
121.106918, 61.146503, 0
OUTPUT:
170.412842, 69.448624

==============================================================================
INPUT:
169.895737, 69.361557, 0
OUTPUT:
217.407364, 84.938644

==============================================================================
INPUT:
217.187439, 84.866547, 0
OUTPUT:
261.837738, 107.368774

==============================================================================
INPUT:
261.693359, 107.296005, 0
OUTPUT:
302.479614, 136.218002

==============================================================================
INPUT:
302.834503, 136.469650, 0
OUTPUT:
338.840729, 171.161896

==============================================================================
INPUT:
339.239136, 171.545761, 0
OUTPUT:
369.656677, 211.229156

==============================================================================
INPUT:
369.443787, 210.951401, 0
OUTPUT:
393.589569, 254.734741

==============================================================================
INPUT:
393.681793, 254.901962, 0
OUTPUT:
411.013550, 301.801971

==============================================================================
INPUT:
410.999969, 301.765228, 0
OUTPUT:
421.128479, 350.728607

==============================================================================
INPUT:
421.305023, 351.582062, 0
OUTPUT:
424.002777, 401.509216

==============================================================================
INPUT:
423.996643, 401.395508, 0
OUTPUT:
419.203094, 451.165192

==============================================================================
INPUT:
419.225830, 450.929016, 0
OUTPUT:
407.048615, 499.423492

==============================================================================
INPUT:
407.261719, 498.574829, 0
OUTPUT:
387.974335, 544.705017

==============================================================================
INPUT:
387.705322, 545.348511, 0
OUTPUT:
361.740875, 588.078430

==============================================================================
INPUT:
361.576630, 588.348511, 0
OUTPUT:
329.518250, 626.718567

==============================================================================
INPUT:
329.289673, 626.992126, 0
OUTPUT:
291.857300, 660.140564

==============================================================================
INPUT:
291.929352, 660.072693, 0
OUTPUT:
249.963684, 687.255127

==============================================================================
INPUT:
249.856522, 687.324524, 0
OUTPUT:
204.300018, 707.930420

==============================================================================
INPUT:
204.167999, 707.990112, 0
OUTPUT:
156.043716, 721.556763

==============================================================================
INPUT:
156.482346, 721.433105, 0
OUTPUT:
106.871078, 727.655823

==============================================================================
INPUT:
107.259178, 727.581726, 0
OUTPUT:
57.275082, 726.320740

==============================================================================
INPUT:
57.618694, 726.329407, 0
OUTPUT:
8.384304, 717.613037

==============================================================================
INPUT:
8.973883, 717.717407, 0
OUTPUT:
-38.405106, 701.741455

==============================================================================
INPUT:
-39.142601, 701.492798, 0
OUTPUT:
-83.602142, 678.615967

==============================================================================
INPUT:
-84.458199, 678.175476, 0
OUTPUT:
-124.999855, 648.911621

==============================================================================
INPUT:
-124.443008, 649.313538, 0
OUTPUT:
-160.156265, 614.319763

==============================================================================
INPUT:
-159.937454, 614.534180, 0
OUTPUT:
-190.020309, 574.596436

==============================================================================
INPUT:
-190.020309, 574.596436, 0
OUTPUT:
-213.797150, 530.611633

==============================================================================
INPUT:
-214.114075, 530.025330, 0
OUTPUT:
-231.050903, 482.981262

==============================================================================
INPUT:
-231.050903, 482.981262, 0
OUTPUT:
-240.767395, 433.934448

==============================================================================
INPUT:
-240.925842, 433.134613, 0
OUTPUT:
-243.203735, 383.186523

==============================================================================
INPUT:
-243.208328, 383.085754, 0
OUTPUT:
-237.996506, 333.358124

==============================================================================
INPUT:
-237.942337, 332.841248, 0
OUTPUT:
-225.357849, 284.450836

==============================================================================
INPUT:
-225.565292, 285.248566, 0
OUTPUT:
-205.890717, 239.282150

==============================================================================
INPUT:
-206.096817, 239.763657, 0
OUTPUT:
-179.774048, 197.253510

==============================================================================
INPUT:
-179.612152, 196.992050, 0
OUTPUT:
-147.232300, 158.892899

==============================================================================
INPUT:
-147.562027, 159.280869, 0
OUTPUT:
-109.852318, 126.448296

==============================================================================
INPUT:
-110.455711, 126.973640, 0
OUTPUT:
-68.263016, 100.144989
