
==============================================================================
INPUT:
-137.245956, 701.676697, 0
OUTPUT:
-4.012283, 909.175842

==============================================================================
INPUT:
-3.752343, 909.580627, 0
OUTPUT:
-132.083435, 1189.989136

==============================================================================
INPUT:
-132.261795, 1190.378784, 0
OUTPUT:
-365.649261, 1223.647339

==============================================================================
INPUT:
-366.101685, 1223.711792, 0
OUTPUT:
-504.509491, 1063.460327

==============================================================================
INPUT:
-504.377899, 1063.612671, 0
OUTPUT:
-426.717590, 801.080811

==============================================================================
INPUT:
-426.702911, 801.031250, 0
OUTPUT:
-89.026428, 702.765320

==============================================================================
INPUT:
-88.951187, 702.743469, 0
OUTPUT:
91.612427, 860.095276

==============================================================================
INPUT:
92.215370, 860.620667, 0
OUTPUT:
42.195114, 1200.743896

==============================================================================
INPUT:
42.173058, 1200.893921, 0
OUTPUT:
-150.100830, 1287.862427

==============================================================================
INPUT:
-150.229401, 1287.920532, 0
OUTPUT:
-346.573425, 1160.618774

==============================================================================
INPUT:
-347.310211, 1160.141113, 0
OUTPUT:
-346.278473, 927.018188

==============================================================================
INPUT:
-346.279510, 927.252075, 0
OUTPUT:
-100.881516, 771.213318

==============================================================================
INPUT:
-101.676163, 771.718628, 0
OUTPUT:
205.089706, 913.757690

==============================================================================
INPUT:
204.788498, 913.618225, 0
OUTPUT:
243.227219, 1192.091675

==============================================================================
INPUT:
243.247910, 1192.241699, 0
OUTPUT:
63.759323, 1345.882812

==============================================================================
INPUT:
63.845413, 1345.809204, 0
OUTPUT:
-228.482376, 1257.926025

==============================================================================
INPUT:
-229.324799, 1257.677124, 0
OUTPUT:
-334.803802, 889.142456

==============================================================================
INPUT:
-334.602905, 889.844421, 0
OUTPUT:
-170.278702, 702.956238

==============================================================================
INPUT:
-170.265610, 702.941345, 0
OUTPUT:
167.953659, 754.211792

==============================================================================
INPUT:
167.045776, 754.074219, 0
OUTPUT:
259.986023, 961.996460

==============================================================================
INPUT:
260.178802, 962.427734, 0
OUTPUT:
9.895462, 960.212341

==============================================================================
INPUT:
10.086145, 960.214050, 0
OUTPUT:
122.324921, 720.595825

==============================================================================
INPUT:
122.706192, 719.781860, 0
OUTPUT:
281.011841, 906.385193

==============================================================================
INPUT:
281.255341, 906.672180, 0
OUTPUT:
72.164505, 965.516541

==============================================================================
INPUT:
71.213432, 965.784241, 0
OUTPUT:
109.827225, 718.450134

==============================================================================
INPUT:
109.732506, 719.056763, 0
OUTPUT:
359.402710, 884.090271

==============================================================================
INPUT:
359.716553, 884.297729, 0
OUTPUT:
167.589905, 1004.088501

==============================================================================
INPUT:
167.818130, 1003.946228, 0
OUTPUT:
135.142197, 750.692383

==============================================================================
INPUT:
135.090775, 750.293884, 0
OUTPUT:
387.723053, 828.688110

==============================================================================
INPUT:
388.186035, 828.831787, 0
OUTPUT:
222.534927, 1013.899658

==============================================================================
INPUT:
222.376144, 1014.077026, 0
OUTPUT:
110.695358, 758.172974

==============================================================================
INPUT:
110.731956, 758.256836, 0
OUTPUT:
358.514862, 762.643738

==============================================================================
INPUT:
358.514862, 762.643738, 0
OUTPUT:
269.650696, 948.068970

==============================================================================
INPUT:
269.298798, 948.803223, 0
OUTPUT:
137.515778, 790.646851

==============================================================================
INPUT:
136.930359, 789.944336, 0
OUTPUT:
357.376099, 730.005005

==============================================================================
INPUT:
356.758057, 730.173096, 0
OUTPUT:
311.093170, 1006.595093

==============================================================================
INPUT:
310.975464, 1007.307678, 0
OUTPUT:
82.423370, 853.309265

==============================================================================
INPUT:
82.056084, 853.061768, 0
OUTPUT:
296.867096, 721.753418

==============================================================================
INPUT:
297.191833, 721.554932, 0
OUTPUT:
323.210419, 938.312073

==============================================================================
INPUT:
323.279175, 938.884827, 0
OUTPUT:
106.881577, 869.628845

==============================================================================
INPUT:
107.440941, 869.807861, 0
OUTPUT:
262.838287, 699.257751

==============================================================================
INPUT:
262.351227, 699.792297, 0
OUTPUT:
376.708405, 968.286987

==============================================================================
INPUT:
376.488220, 967.769958, 0
OUTPUT:
161.004547, 962.046631

==============================================================================
INPUT:
161.409515, 962.027466, 0
OUTPUT:
268.995453, 742.543396

==============================================================================
INPUT:
268.970001, 742.594788, 0
OUTPUT:
425.929535, 934.393066

==============================================================================
INPUT:
425.611877, 934.004883, 0
OUTPUT:
225.068939, 986.630859

==============================================================================
INPUT:
225.149323, 986.609802, 0
OUTPUT:
265.190613, 756.891907

==============================================================================
INPUT:
265.092499, 757.454712, 0
OUTPUT:
493.444092, 914.274658

==============================================================================
INPUT:
492.788452, 913.824341, 0
OUTPUT:
253.911880, 1056.954346

==============================================================================
INPUT:
253.615646, 1057.131836, 0
OUTPUT:
229.217545, 837.459717

==============================================================================
INPUT:
229.128418, 836.657349, 0
OUTPUT:
436.567627, 905.076294

==============================================================================
INPUT:
436.131134, 904.932312, 0
OUTPUT:
272.347290, 1081.521362

==============================================================================
INPUT:
271.728607, 1082.188354, 0
OUTPUT:
190.700958, 887.176636

==============================================================================
INPUT:
191.058380, 888.011353, 0
OUTPUT:
460.468475, 897.554016

==============================================================================
INPUT:
460.710846, 897.562622, 0
OUTPUT:
333.542419, 1151.289062

==============================================================================
INPUT:
333.963104, 1150.449707, 0
OUTPUT:
174.603134, 952.162842

==============================================================================
INPUT:
175.027756, 952.691162, 0
OUTPUT:
406.219666, 894.204651

==============================================================================
INPUT:
406.407349, 894.157166, 0
OUTPUT:
368.590027, 1100.312134

==============================================================================
INPUT:
368.700714, 1099.708740, 0
OUTPUT:
136.195770, 936.989319

==============================================================================
INPUT:
135.445099, 936.463928, 0
OUTPUT:
355.111267, 807.472900

==============================================================================
INPUT:
355.180176, 807.432434, 0
OUTPUT:
378.245789, 1033.313599

==============================================================================
INPUT:
378.159729, 1032.470703, 0
OUTPUT:
113.378082, 942.532410

==============================================================================
INPUT:
112.520470, 942.241089, 0
OUTPUT:
293.266266, 750.790894

==============================================================================
INPUT:
292.621185, 751.474182, 0
OUTPUT:
373.216705, 950.396973

==============================================================================
INPUT:
372.997345, 949.855530, 0
OUTPUT:
114.668152, 938.415161

==============================================================================
INPUT:
114.367996, 938.401855, 0
OUTPUT:
214.554749, 742.849609

==============================================================================
INPUT:
214.667236, 742.630066, 0
OUTPUT:
380.059814, 952.195190

==============================================================================
INPUT:
380.654327, 952.948486, 0
OUTPUT:
124.712372, 1015.291077

==============================================================================
INPUT:
125.614517, 1015.556335, 0
OUTPUT:
166.526276, 803.144165

==============================================================================
INPUT:
166.716766, 802.186096, 0
OUTPUT:
356.134491, 937.264221

==============================================================================
INPUT:
356.048065, 937.202576, 0
OUTPUT:
104.131805, 1082.148071

==============================================================================
INPUT:
104.927238, 1081.690430, 0
OUTPUT:
79.555023, 809.392273

==============================================================================
INPUT:
79.616638, 810.053528, 0
OUTPUT:
352.280731, 905.369385

==============================================================================
INPUT:
352.951263, 905.603821, 0
OUTPUT:
180.665085, 1084.887329

==============================================================================
INPUT:
181.083832, 1084.451538, 0
OUTPUT:
81.242012, 831.618286

==============================================================================
INPUT:
81.242012, 831.618286, 0
OUTPUT:
293.092926, 842.879944

==============================================================================
INPUT:
293.131348, 842.882019, 0
OUTPUT:
172.639725, 1073.024048

==============================================================================
INPUT:
172.369965, 1073.539307, 0
OUTPUT:
46.042221, 910.525757

==============================================================================
INPUT:
45.792252, 910.203186, 0
OUTPUT:
267.106293, 858.366028

==============================================================================
INPUT:
266.759766, 858.447205, 0
OUTPUT:
217.065948, 1104.698486

==============================================================================
INPUT:
217.189926, 1104.086182, 0
OUTPUT:
42.126846, 976.892151

==============================================================================
INPUT:
41.918716, 976.740967, 0
OUTPUT:
283.307007, 840.682617

==============================================================================
INPUT:
283.959686, 840.314758, 0
OUTPUT:
302.525574, 1060.663086

==============================================================================
INPUT:
302.458099, 1059.862427, 0
OUTPUT:
22.431549, 959.182617

==============================================================================
INPUT:
23.275126, 959.485901, 0
OUTPUT:
204.754913, 773.950745

==============================================================================
INPUT:
204.726929, 773.979370, 0
OUTPUT:
301.585693, 1025.759644

==============================================================================
INPUT:
301.352295, 1025.152954, 0
OUTPUT:
70.015656, 1010.800964

==============================================================================
INPUT:
70.647293, 1010.840149, 0
OUTPUT:
199.164795, 770.568298

==============================================================================
INPUT:
199.589752, 769.773743, 0
OUTPUT:
366.814270, 989.551086

==============================================================================
INPUT:
367.032166, 989.837463, 0
OUTPUT:
109.623688, 1047.730225

==============================================================================
INPUT:
109.982948, 1047.649414, 0
OUTPUT:
167.325363, 775.922852

==============================================================================
INPUT:
167.203278, 776.501343, 0
OUTPUT:
357.190002, 917.124390
