
==============================================================================
INPUT:
64.231567, 64.625122, 0
OUTPUT:
164.231567, 237.830215

==============================================================================
INPUT:
164.300278, 237.949234, 0
OUTPUT:
64.300262, 411.154297

==============================================================================
INPUT:
64.206085, 411.316498, 0
OUTPUT:
-135.793915, 411.316467

==============================================================================
INPUT:
-136.662445, 411.316498, 0
OUTPUT:
-236.662430, 238.111404

==============================================================================
INPUT:
-236.662430, 238.111404, 0
OUTPUT:
-136.662445, 64.906311
