
==============================================================================
INPUT:
64.500000, 64.500000, 0
OUTPUT:
164.500000, 64.500000

==============================================================================
INPUT:
165.294205, 64.500000, 0
OUTPUT:
214.500000, 151.102539

==============================================================================
INPUT:
214.497986, 151.098999, 0
OUTPUT:
164.500000, 237.705078

==============================================================================
INPUT:
164.034760, 238.510941, 0
OUTPUT:
64.500000, 237.705078

==============================================================================
INPUT:
64.460564, 237.704758, 0
OUTPUT:
14.500000, 151.102539

==============================================================================
INPUT:
14.002646, 150.240417, 0
OUTPUT:
64.500000, 64.500000

==============================================================================
INPUT:
64.881180, 63.852776, 0
OUTPUT:
164.500000, 64.500000

==============================================================================
INPUT:
164.888077, 64.502525, 0
OUTPUT:
264.500000, 64.500000

==============================================================================
INPUT:
264.455872, 64.500008, 0
OUTPUT:
314.500000, 151.102539

==============================================================================
INPUT:
314.846100, 151.701431, 0
OUTPUT:
364.500000, 237.705078

==============================================================================
INPUT:
364.619629, 237.912277, 0
OUTPUT:
314.500000, 324.307617

==============================================================================
INPUT:
314.865417, 323.677734, 0
OUTPUT:
264.500000, 410.910156

==============================================================================
INPUT:
264.698792, 410.562378, 0
OUTPUT:
164.500000, 410.910156

==============================================================================
INPUT:
165.200241, 410.907745, 0
OUTPUT:
64.500000, 410.910156

==============================================================================
INPUT:
63.685368, 410.910217, 0
OUTPUT:
14.500000, 324.307617

==============================================================================
INPUT:
14.122501, 323.643005, 0
OUTPUT:
-35.500000, 237.705078

==============================================================================
INPUT:
-35.011131, 238.551712, 0
OUTPUT:
14.500000, 151.102539

==============================================================================
INPUT:
14.848910, 150.486282, 0
OUTPUT:
64.500000, 64.500000

==============================================================================
INPUT:
64.707016, 64.141495, 0
OUTPUT:
164.500000, 64.500000

==============================================================================
INPUT:
163.885406, 64.497795, 0
OUTPUT:
264.500000, 64.500000

==============================================================================
INPUT:
264.423279, 64.500008, 0
OUTPUT:
364.500000, 64.500000

==============================================================================
INPUT:
364.001678, 64.499992, 0
OUTPUT:
414.500000, 151.102539

==============================================================================
INPUT:
414.932800, 151.839035, 0
OUTPUT:
464.500000, 237.705078

==============================================================================
INPUT:
464.777130, 238.182419, 0
OUTPUT:
514.500000, 324.307617

==============================================================================
INPUT:
514.975708, 325.131531, 0
OUTPUT:
464.500000, 410.910156

==============================================================================
INPUT:
464.564087, 410.801239, 0
OUTPUT:
414.500000, 497.512695

==============================================================================
INPUT:
414.882965, 496.849365, 0
OUTPUT:
364.500000, 584.115234

==============================================================================
INPUT:
364.861237, 583.489563, 0
OUTPUT:
264.500000, 584.115234

==============================================================================
INPUT:
265.460968, 584.109192, 0
OUTPUT:
164.500000, 584.115234

==============================================================================
INPUT:
163.756500, 584.115234, 0
OUTPUT:
64.500000, 584.115234

==============================================================================
INPUT:
64.712608, 584.115234, 0
OUTPUT:
14.500000, 497.512695

==============================================================================
INPUT:
14.579390, 497.649597, 0
OUTPUT:
-35.500000, 410.910156

==============================================================================
INPUT:
-35.790836, 410.406433, 0
OUTPUT:
-85.500000, 324.307617

==============================================================================
INPUT:
-85.935539, 323.553223, 0
OUTPUT:
-35.500000, 237.705078

==============================================================================
INPUT:
-35.227448, 237.241150, 0
OUTPUT:
14.500000, 151.102539

==============================================================================
INPUT:
14.010721, 151.950089, 0
OUTPUT:
64.500000, 64.500000

==============================================================================
INPUT:
64.932709, 63.750515, 0
OUTPUT:
164.500000, 64.500000

==============================================================================
INPUT:
164.866257, 64.502754, 0
OUTPUT:
264.500000, 64.500000

==============================================================================
INPUT:
263.998932, 64.500015, 0
OUTPUT:
364.500000, 64.500000

==============================================================================
INPUT:
363.775970, 64.500000, 0
OUTPUT:
464.500000, 64.500000

==============================================================================
INPUT:
464.012054, 64.500000, 0
OUTPUT:
514.500000, 151.102539

==============================================================================
INPUT:
514.648865, 151.357788, 0
OUTPUT:
564.500000, 237.705078

==============================================================================
INPUT:
564.099731, 237.011765, 0
OUTPUT:
614.500000, 324.307617

==============================================================================
INPUT:
614.653870, 324.574158, 0
OUTPUT:
664.500000, 410.910156

==============================================================================
INPUT:
664.230469, 410.443268, 0
OUTPUT:
614.500000, 497.512695

==============================================================================
INPUT:
614.926392, 496.766174, 0
OUTPUT:
564.500000, 584.115234

==============================================================================
INPUT:
564.606995, 583.929932, 0
OUTPUT:
514.500000, 670.717773

==============================================================================
INPUT:
514.025269, 671.539856, 0
OUTPUT:
464.500000, 757.320312

==============================================================================
INPUT:
464.177002, 757.879822, 0
OUTPUT:
364.500000, 757.320312

==============================================================================
INPUT:
364.840912, 757.322205, 0
OUTPUT:
264.500000, 757.320312

==============================================================================
INPUT:
264.065491, 757.320312, 0
OUTPUT:
164.500000, 757.320312

==============================================================================
INPUT:
164.922958, 757.320312, 0
OUTPUT:
64.500000, 757.320312

==============================================================================
INPUT:
63.678242, 757.320312, 0
OUTPUT:
14.500000, 670.717773

==============================================================================
INPUT:
14.175192, 670.145813, 0
OUTPUT:
-35.500000, 584.115234

==============================================================================
INPUT:
-35.831791, 583.540588, 0
OUTPUT:
-85.500000, 497.512695

==============================================================================
INPUT:
-85.046333, 497.182556, 0
OUTPUT:
-135.500000, 410.910156

==============================================================================
INPUT:
-135.288086, 411.272522, 0
OUTPUT:
-85.500000, 324.307617

==============================================================================
INPUT:
-85.328209, 324.007568, 0
OUTPUT:
-35.500000, 237.705078

==============================================================================
INPUT:
-35.544781, 237.782639, 0
OUTPUT:
14.500000, 151.102539

==============================================================================
INPUT:
14.811386, 150.563202, 0
OUTPUT:
64.500000, 64.500000

==============================================================================
INPUT:
64.899811, 63.807518, 0
OUTPUT:
164.500000, 64.500000

==============================================================================
INPUT:
163.902878, 64.495850, 0
OUTPUT:
264.500000, 64.500000

==============================================================================
INPUT:
264.943176, 64.500015, 0
OUTPUT:
364.500000, 64.500000

==============================================================================
INPUT:
364.288879, 64.500000, 0
OUTPUT:
464.500000, 64.500000

==============================================================================
INPUT:
464.523407, 64.500000, 0
OUTPUT:
564.500000, 64.500000

==============================================================================
INPUT:
563.896606, 64.500000, 0
OUTPUT:
614.500000, 151.102539

==============================================================================
INPUT:
614.500000, 151.102539, 0
OUTPUT:
664.500000, 237.705078

==============================================================================
INPUT:
664.852051, 238.314774, 0
OUTPUT:
714.500000, 324.307617

==============================================================================
INPUT:
714.505859, 324.317780, 0
OUTPUT:
764.500000, 410.910156

==============================================================================
INPUT:
764.455994, 410.833984, 0
OUTPUT:
814.500000, 497.512695

==============================================================================
INPUT:
814.089722, 496.802063, 0
OUTPUT:
764.500000, 584.115234

==============================================================================
INPUT:
764.281189, 584.500427, 0
OUTPUT:
714.500000, 670.717773

==============================================================================
INPUT:
714.709717, 670.349365, 0
OUTPUT:
664.500000, 757.320312

==============================================================================
INPUT:
664.443542, 757.418274, 0
OUTPUT:
614.500000, 843.922852

==============================================================================
INPUT:
614.694458, 843.586121, 0
OUTPUT:
564.500000, 930.525391

==============================================================================
INPUT:
564.948730, 929.748230, 0
OUTPUT:
464.500000, 930.525391

==============================================================================
INPUT:
464.517670, 930.525269, 0
OUTPUT:
364.500000, 930.525391

==============================================================================
INPUT:
363.501282, 930.525452, 0
OUTPUT:
264.500000, 930.525391

==============================================================================
INPUT:
265.027008, 930.525391, 0
OUTPUT:
164.500000, 930.525391

==============================================================================
INPUT:
163.721970, 930.525391, 0
OUTPUT:
64.500000, 930.525391

==============================================================================
INPUT:
65.464027, 930.525391, 0
OUTPUT:
14.500000, 843.922852

==============================================================================
INPUT:
14.676047, 844.221985, 0
OUTPUT:
-35.500000, 757.320312

==============================================================================
INPUT:
-35.600384, 757.146423, 0
OUTPUT:
-85.500000, 670.717773

==============================================================================
INPUT:
-85.322418, 671.025330, 0
OUTPUT:
-135.500000, 584.115234

==============================================================================
INPUT:
-135.126678, 584.761780, 0
OUTPUT:
-185.500000, 497.512695

==============================================================================
INPUT:
-185.958832, 496.717987, 0
OUTPUT:
-135.500000, 410.910156

==============================================================================
INPUT:
-135.556091, 411.005524, 0
OUTPUT:
-85.500000, 324.307617

==============================================================================
INPUT:
-85.535027, 324.368286, 0
OUTPUT:
-35.500000, 237.705078

==============================================================================
INPUT:
-35.495975, 237.698105, 0
OUTPUT:
14.500000, 151.102539

==============================================================================
INPUT:
14.709133, 150.740311, 0
OUTPUT:
64.500000, 64.500000

==============================================================================
INPUT:
64.756363, 64.055969, 0
OUTPUT:
164.500000, 64.500000

==============================================================================
INPUT:
163.921371, 64.497429, 0
OUTPUT:
264.500000, 64.500000

==============================================================================
INPUT:
263.533630, 64.499977, 0
OUTPUT:
364.500000, 64.500000

==============================================================================
INPUT:
364.212402, 64.500000, 0
OUTPUT:
464.500000, 64.500000

==============================================================================
INPUT:
464.567139, 64.500000, 0
OUTPUT:
564.500000, 64.500000

==============================================================================
INPUT:
564.500000, 64.500000, 0
OUTPUT:
664.500000, 64.500000

==============================================================================
INPUT:
664.500000, 64.500000, 0
OUTPUT:
714.500000, 151.102539

==============================================================================
INPUT:
714.948853, 151.880035, 0
OUTPUT:
764.500000, 237.705078

==============================================================================
INPUT:
764.604553, 237.886185, 0
OUTPUT:
814.500000, 324.307617

==============================================================================
INPUT:
814.500000, 324.307617, 0
OUTPUT:
864.500000, 410.910156

==============================================================================
INPUT:
864.864380, 411.541351, 0
OUTPUT:
914.500000, 497.512695

==============================================================================
INPUT:
914.572388, 497.638062, 0
OUTPUT:
964.500000, 584.115234

==============================================================================
INPUT:
964.045471, 583.328064, 0
OUTPUT:
914.500000, 670.717773

==============================================================================
INPUT:
914.296448, 671.076782, 0
OUTPUT:
864.500000, 757.320312

==============================================================================
INPUT:
864.954834, 756.532593, 0
OUTPUT:
814.500000, 843.922852

==============================================================================
INPUT:
814.495605, 843.930542, 0
OUTPUT:
764.500000, 930.525391

==============================================================================
INPUT:
764.051208, 931.302734, 0
OUTPUT:
714.500000, 1017.127930

==============================================================================
INPUT:
714.198608, 1017.649963, 0
OUTPUT:
664.500000, 1103.730469

==============================================================================
INPUT:
664.108276, 1104.408813, 0
OUTPUT:
564.500000, 1103.730469

==============================================================================
INPUT:
564.341309, 1103.729370, 0
OUTPUT:
464.500000, 1103.730469

==============================================================================
INPUT:
464.767670, 1103.730469, 0
OUTPUT:
364.500000, 1103.730469

==============================================================================
INPUT:
365.064667, 1103.730469, 0
OUTPUT:
264.500000, 1103.730469

==============================================================================
INPUT:
264.911285, 1103.730469, 0
OUTPUT:
164.500000, 1103.730469

==============================================================================
INPUT:
163.737564, 1103.730469, 0
OUTPUT:
64.500000, 1103.730469

==============================================================================
INPUT:
65.073425, 1103.730469, 0
OUTPUT:
14.500000, 1017.127930

==============================================================================
INPUT:
14.774514, 1017.599365, 0
OUTPUT:
-35.500000, 930.525391

==============================================================================
INPUT:
-35.132641, 931.161621, 0
OUTPUT:
-85.500000, 843.922852

==============================================================================
INPUT:
-85.325424, 844.225220, 0
OUTPUT:
-135.500000, 757.320312

==============================================================================
INPUT:
-135.402679, 757.460144, 0
OUTPUT:
-185.500000, 670.717773

==============================================================================
INPUT:
-185.925720, 669.980652, 0
OUTPUT:
-235.500000, 584.115234

==============================================================================
INPUT:
-235.561569, 584.008545, 0
OUTPUT:
-185.500000, 497.512695

==============================================================================
INPUT:
-185.211990, 497.015106, 0
OUTPUT:
-135.500000, 410.910156

==============================================================================
INPUT:
-135.147430, 410.299500, 0
OUTPUT:
-85.500000, 324.307617

==============================================================================
INPUT:
-85.752434, 324.744843, 0
OUTPUT:
-35.500000, 237.705078

==============================================================================
INPUT:
-35.854084, 238.318359, 0
OUTPUT:
14.500000, 151.102539

==============================================================================
INPUT:
14.438091, 151.209763, 0
OUTPUT:
64.500000, 64.500000

==============================================================================
INPUT:
64.413284, 64.650200, 0
OUTPUT:
164.500000, 64.500000

==============================================================================
INPUT:
164.868607, 64.499443, 0
OUTPUT:
264.500000, 64.500000

==============================================================================
INPUT:
264.445679, 64.500000, 0
OUTPUT:
364.500000, 64.500000

==============================================================================
INPUT:
363.720367, 64.500000, 0
OUTPUT:
464.500000, 64.500000

==============================================================================
INPUT:
464.594788, 64.500000, 0
OUTPUT:
564.500000, 64.500000

==============================================================================
INPUT:
565.072266, 64.500000, 0
OUTPUT:
664.500000, 64.500000

==============================================================================
INPUT:
664.538086, 64.500000, 0
OUTPUT:
764.500000, 64.500000

==============================================================================
INPUT:
764.527100, 64.500000, 0
OUTPUT:
814.500000, 151.102539

==============================================================================
INPUT:
814.477234, 151.063141, 0
OUTPUT:
864.500000, 237.705078

==============================================================================
INPUT:
864.045715, 236.918228, 0
OUTPUT:
914.500000, 324.307617

==============================================================================
INPUT:
914.651123, 324.569397, 0
OUTPUT:
964.500000, 410.910156

==============================================================================
INPUT:
964.335754, 410.625610, 0
OUTPUT:
1014.500000, 497.512695

==============================================================================
INPUT:
1014.898987, 498.203827, 0
OUTPUT:
1064.500000, 584.115234

==============================================================================
INPUT:
1064.354248, 583.862610, 0
OUTPUT:
1114.500000, 670.717773

==============================================================================
INPUT:
1114.316895, 670.400757, 0
OUTPUT:
1064.500000, 757.320312

==============================================================================
INPUT:
1064.839966, 756.727051, 0
OUTPUT:
1014.500000, 843.922852

==============================================================================
INPUT:
1014.156189, 844.518372, 0
OUTPUT:
964.500000, 930.525391

==============================================================================
INPUT:
964.528137, 930.476562, 0
OUTPUT:
914.500000, 1017.127930

==============================================================================
INPUT:
914.542664, 1017.054077, 0
OUTPUT:
864.500000, 1103.730469

==============================================================================
INPUT:
864.816833, 1103.181641, 0
OUTPUT:
814.500000, 1190.333008

==============================================================================
INPUT:
814.717529, 1189.956177, 0
OUTPUT:
764.500000, 1276.935547

==============================================================================
INPUT:
764.969971, 1276.121460, 0
OUTPUT:
664.500000, 1276.935547

==============================================================================
INPUT:
665.448730, 1276.927856, 0
OUTPUT:
564.500000, 1276.935547

==============================================================================
INPUT:
563.640442, 1276.935547, 0
OUTPUT:
464.500000, 1276.935547

==============================================================================
INPUT:
464.626862, 1276.935547, 0
OUTPUT:
364.500000, 1276.935547

==============================================================================
INPUT:
364.500000, 1276.935547, 0
OUTPUT:
264.500000, 1276.935547

==============================================================================
INPUT:
265.290497, 1276.935547, 0
OUTPUT:
164.500000, 1276.935547

==============================================================================
INPUT:
164.181717, 1276.935547, 0
OUTPUT:
64.500000, 1276.935547

==============================================================================
INPUT:
63.597904, 1276.935547, 0
OUTPUT:
14.500000, 1190.333008

==============================================================================
INPUT:
14.073645, 1189.580933, 0
OUTPUT:
-35.500000, 1103.730469

==============================================================================
INPUT:
-35.966030, 1102.923340, 0
OUTPUT:
-85.500000, 1017.127930

==============================================================================
INPUT:
-85.444672, 1017.223755, 0
OUTPUT:
-135.500000, 930.525391

==============================================================================
INPUT:
-135.830994, 929.952026, 0
OUTPUT:
-185.500000, 843.922852

==============================================================================
INPUT:
-185.744965, 843.498535, 0
OUTPUT:
-235.500000, 757.320312

==============================================================================
INPUT:
-235.394165, 757.503601, 0
OUTPUT:
-285.500000, 670.717773

==============================================================================
INPUT:
-285.604828, 670.536255, 0
OUTPUT:
-235.500000, 584.115234

==============================================================================
INPUT:
-235.592331, 584.274475, 0
OUTPUT:
-185.500000, 497.512695

==============================================================================
INPUT:
-185.843201, 498.107086, 0
OUTPUT:
-135.500000, 410.910156
