
==============================================================================
INPUT:
62.784935, 63.783672, 0
OUTPUT:
150.000000, 0.000000

==============================================================================
INPUT:
150.043671, -0.031938, 0
OUTPUT:
150.000000, 150.000000

==============================================================================
INPUT:
149.999756, 150.845673, 0
OUTPUT:
0.000000, 150.000000

==============================================================================
INPUT:
-0.101232, 149.999435, 0
OUTPUT:
-150.000000, 150.000000

==============================================================================
INPUT:
-149.853271, 150.000000, 0
OUTPUT:
-150.000000, 0.000000

==============================================================================
INPUT:
-149.999100, 0.890366, 0
OUTPUT:
-150.000000, -150.000000

==============================================================================
INPUT:
-149.999985, -149.090607, 0
OUTPUT:
0.000000, -150.000000

==============================================================================
INPUT:
-0.004025, -149.999969, 0
OUTPUT:
150.000000, -150.000000

==============================================================================
INPUT:
149.285950, -149.999985, 0
OUTPUT:
300.000000, -150.000000

==============================================================================
INPUT:
299.757507, -150.000015, 0
OUTPUT:
300.000000, 0.000000

==============================================================================
INPUT:
300.000397, 0.265386, 0
OUTPUT:
300.000000, 150.000000

==============================================================================
INPUT:
300.000000, 149.368317, 0
OUTPUT:
300.000000, 300.000000

==============================================================================
INPUT:
300.000000, 300.931488, 0
OUTPUT:
150.000000, 300.000000

==============================================================================
INPUT:
150.730438, 300.004517, 0
OUTPUT:
0.000000, 300.000000

==============================================================================
INPUT:
-0.905639, 299.999939, 0
OUTPUT:
-150.000000, 300.000000

==============================================================================
INPUT:
-149.384720, 300.000000, 0
OUTPUT:
-300.000000, 300.000000

==============================================================================
INPUT:
-299.138672, 300.000000, 0
OUTPUT:
-300.000000, 150.000000

==============================================================================
INPUT:
-299.996033, 150.687271, 0
OUTPUT:
-300.000000, 0.000000

==============================================================================
INPUT:
-300.000031, -0.876051, 0
OUTPUT:
-300.000000, -150.000000

==============================================================================
INPUT:
-300.000000, -149.020615, 0
OUTPUT:
-300.000000, -300.000000

==============================================================================
INPUT:
-300.000000, -300.853333, 0
OUTPUT:
-150.000000, -300.000000

==============================================================================
INPUT:
-150.429550, -300.002441, 0
OUTPUT:
0.000000, -300.000000

==============================================================================
INPUT:
-0.663121, -300.000000, 0
OUTPUT:
150.000000, -300.000000

==============================================================================
INPUT:
150.691910, -300.000000, 0
OUTPUT:
300.000000, -300.000000

==============================================================================
INPUT:
300.786652, -300.000000, 0
OUTPUT:
450.000000, -300.000000

==============================================================================
INPUT:
449.926361, -300.000000, 0
OUTPUT:
450.000000, -150.000000

==============================================================================
INPUT:
450.000244, -149.576263, 0
OUTPUT:
450.000000, 0.000000

==============================================================================
INPUT:
450.000000, 0.579639, 0
OUTPUT:
450.000000, 150.000000

==============================================================================
INPUT:
450.000000, 150.441299, 0
OUTPUT:
450.000000, 300.000000

==============================================================================
INPUT:
450.000000, 299.233093, 0
OUTPUT:
450.000000, 450.000000

==============================================================================
INPUT:
450.000000, 449.285736, 0
OUTPUT:
300.000000, 450.000000

==============================================================================
INPUT:
299.144623, 450.004089, 0
OUTPUT:
150.000000, 450.000000

==============================================================================
INPUT:
150.855484, 450.000000, 0
OUTPUT:
0.000000, 450.000000

==============================================================================
INPUT:
0.616312, 450.000000, 0
OUTPUT:
-150.000000, 450.000000

==============================================================================
INPUT:
-149.375305, 450.000000, 0
OUTPUT:
-300.000000, 450.000000

==============================================================================
INPUT:
-300.855103, 450.000000, 0
OUTPUT:
-450.000000, 450.000000

==============================================================================
INPUT:
-449.372253, 450.000000, 0
OUTPUT:
-450.000000, 300.000000

==============================================================================
INPUT:
-449.999298, 300.434174, 0
OUTPUT:
-450.000000, 150.000000

==============================================================================
INPUT:
-450.000000, 150.708420, 0
OUTPUT:
-450.000000, 0.000000

==============================================================================
INPUT:
-450.000000, 0.753887, 0
OUTPUT:
-450.000000, -150.000000

==============================================================================
INPUT:
-450.000000, -149.663956, 0
OUTPUT:
-450.000000, -300.000000

==============================================================================
INPUT:
-450.000000, -299.643433, 0
OUTPUT:
-450.000000, -450.000000

==============================================================================
INPUT:
-450.000000, -449.281891, 0
OUTPUT:
-300.000000, -450.000000

==============================================================================
INPUT:
-299.048615, -450.004547, 0
OUTPUT:
-150.000000, -450.000000

==============================================================================
INPUT:
-150.370209, -450.000031, 0
OUTPUT:
0.000000, -450.000000

==============================================================================
INPUT:
-0.996429, -450.000031, 0
OUTPUT:
150.000000, -450.000000

==============================================================================
INPUT:
150.656387, -450.000000, 0
OUTPUT:
300.000000, -450.000000

==============================================================================
INPUT:
299.859436, -450.000000, 0
OUTPUT:
450.000000, -450.000000

==============================================================================
INPUT:
450.713928, -450.000000, 0
OUTPUT:
600.000000, -450.000000

==============================================================================
INPUT:
600.092041, -450.000000, 0
OUTPUT:
600.000000, -300.000000

==============================================================================
INPUT:
600.000305, -300.504272, 0
OUTPUT:
600.000000, -150.000000

==============================================================================
INPUT:
599.999939, -149.049255, 0
OUTPUT:
600.000000, 0.000000

==============================================================================
INPUT:
600.000000, -0.552082, 0
OUTPUT:
600.000000, 150.000000

==============================================================================
INPUT:
600.000000, 149.419357, 0
OUTPUT:
600.000000, 300.000000

==============================================================================
INPUT:
600.000000, 300.667969, 0
OUTPUT:
600.000000, 450.000000

==============================================================================
INPUT:
600.000000, 450.093109, 0
OUTPUT:
600.000000, 600.000000

==============================================================================
INPUT:
600.000000, 599.005737, 0
OUTPUT:
450.000000, 600.000000

==============================================================================
INPUT:
450.951416, 599.993652, 0
OUTPUT:
300.000000, 600.000000

==============================================================================
INPUT:
300.425781, 599.999939, 0
OUTPUT:
150.000000, 600.000000

==============================================================================
INPUT:
150.000000, 600.000000, 0
OUTPUT:
0.000000, 600.000000

==============================================================================
INPUT:
0.680021, 600.000000, 0
OUTPUT:
-150.000000, 600.000000

==============================================================================
INPUT:
-150.093765, 600.000000, 0
OUTPUT:
-300.000000, 600.000000

==============================================================================
INPUT:
-300.872314, 600.000000, 0
OUTPUT:
-450.000000, 600.000000

==============================================================================
INPUT:
-450.238739, 600.000000, 0
OUTPUT:
-600.000000, 600.000000

==============================================================================
INPUT:
-600.297485, 600.000000, 0
OUTPUT:
-600.000000, 450.000000

==============================================================================
INPUT:
-599.999512, 449.752319, 0
OUTPUT:
-600.000000, 300.000000

==============================================================================
INPUT:
-600.000000, 300.725037, 0
OUTPUT:
-600.000000, 150.000000

==============================================================================
INPUT:
-600.000000, 149.003113, 0
OUTPUT:
-600.000000, 0.000000

==============================================================================
INPUT:
-600.000000, -0.861419, 0
OUTPUT:
-600.000000, -150.000000

==============================================================================
INPUT:
-600.000000, -150.238495, 0
OUTPUT:
-600.000000, -300.000000

==============================================================================
INPUT:
-600.000000, -299.690887, 0
OUTPUT:
-600.000000, -450.000000

==============================================================================
INPUT:
-600.000000, -449.038116, 0
OUTPUT:
-600.000000, -600.000000

==============================================================================
INPUT:
-600.000000, -599.823120, 0
OUTPUT:
-450.000000, -600.000000

==============================================================================
INPUT:
-449.574066, -600.000549, 0
OUTPUT:
-300.000000, -600.000000

==============================================================================
INPUT:
-300.843414, -599.999939, 0
OUTPUT:
-150.000000, -600.000000

==============================================================================
INPUT:
-149.091873, -600.000061, 0
OUTPUT:
0.000000, -600.000000

==============================================================================
INPUT:
-0.838540, -600.000061, 0
OUTPUT:
150.000000, -600.000000

==============================================================================
INPUT:
149.399719, -600.000000, 0
OUTPUT:
300.000000, -600.000000

==============================================================================
INPUT:
299.949677, -600.000000, 0
OUTPUT:
450.000000, -600.000000

==============================================================================
INPUT:
450.919678, -600.000000, 0
OUTPUT:
600.000000, -600.000000

==============================================================================
INPUT:
599.080872, -600.000000, 0
OUTPUT:
750.000000, -600.000000

==============================================================================
INPUT:
749.167664, -600.000000, 0
OUTPUT:
750.000000, -450.000000

==============================================================================
INPUT:
749.995300, -450.842102, 0
OUTPUT:
750.000000, -300.000000

==============================================================================
INPUT:
749.999939, -300.372009, 0
OUTPUT:
750.000000, -150.000000

==============================================================================
INPUT:
750.000000, -149.106583, 0
OUTPUT:
750.000000, 0.000000

==============================================================================
INPUT:
750.000000, 0.079114, 0
OUTPUT:
750.000000, 150.000000

==============================================================================
INPUT:
750.000000, 149.949509, 0
OUTPUT:
750.000000, 300.000000

==============================================================================
INPUT:
750.000000, 299.417969, 0
OUTPUT:
750.000000, 450.000000

==============================================================================
INPUT:
750.000000, 449.060791, 0
OUTPUT:
750.000000, 600.000000

==============================================================================
INPUT:
750.000000, 600.817627, 0
OUTPUT:
750.000000, 750.000000

==============================================================================
INPUT:
750.000000, 749.100830, 0
OUTPUT:
600.000000, 750.000000

==============================================================================
INPUT:
599.297241, 750.004211, 0
OUTPUT:
450.000000, 750.000000

==============================================================================
INPUT:
449.395874, 750.000000, 0
OUTPUT:
300.000000, 750.000000

==============================================================================
INPUT:
300.574707, 750.000000, 0
OUTPUT:
150.000000, 750.000000

==============================================================================
INPUT:
150.522751, 750.000000, 0
OUTPUT:
0.000000, 750.000000

==============================================================================
INPUT:
-0.918194, 750.000000, 0
OUTPUT:
-150.000000, 750.000000

==============================================================================
INPUT:
-150.188171, 750.000000, 0
OUTPUT:
-300.000000, 750.000000

==============================================================================
INPUT:
-299.969666, 750.000000, 0
OUTPUT:
-450.000000, 750.000000

==============================================================================
INPUT:
-450.000000, 750.000000, 0
OUTPUT:
-600.000000, 750.000000

==============================================================================
INPUT:
-599.098694, 750.000000, 0
OUTPUT:
-750.000000, 750.000000

==============================================================================
INPUT:
-750.395142, 750.000000, 0
OUTPUT:
-750.000000, 600.000000

==============================================================================
INPUT:
-750.002502, 600.935974, 0
OUTPUT:
-750.000000, 450.000000

==============================================================================
INPUT:
-750.000000, 449.576385, 0
OUTPUT:
-750.000000, 300.000000

==============================================================================
INPUT:
-750.000000, 299.889465, 0
OUTPUT:
-750.000000, 150.000000

==============================================================================
INPUT:
-750.000000, 150.972549, 0
OUTPUT:
-750.000000, 0.000000

==============================================================================
INPUT:
-750.000000, -0.721723, 0
OUTPUT:
-750.000000, -150.000000

==============================================================================
INPUT:
-750.000000, -149.335083, 0
OUTPUT:
-750.000000, -300.000000

==============================================================================
INPUT:
-750.000000, -300.917297, 0
OUTPUT:
-750.000000, -450.000000

==============================================================================
INPUT:
-750.000000, -449.224731, 0
OUTPUT:
-750.000000, -600.000000

==============================================================================
INPUT:
-750.000000, -600.350464, 0
OUTPUT:
-750.000000, -750.000000

==============================================================================
INPUT:
-750.000000, -749.218323, 0
OUTPUT:
-600.000000, -750.000000

==============================================================================
INPUT:
-600.992004, -749.994873, 0
OUTPUT:
-450.000000, -750.000000

==============================================================================
INPUT:
-450.125916, -750.000000, 0
OUTPUT:
-300.000000, -750.000000

==============================================================================
INPUT:
-299.594635, -750.000000, 0
OUTPUT:
-150.000000, -750.000000

==============================================================================
INPUT:
-149.558197, -750.000000, 0
OUTPUT:
0.000000, -750.000000

==============================================================================
INPUT:
0.307350, -750.000000, 0
OUTPUT:
150.000000, -750.000000
