
==============================================================================
INPUT:
-60.273201, 75.330292, 0
OUTPUT:
-110.273201, -11.272248

==============================================================================
INPUT:
-110.082390, -10.941751, 0
OUTPUT:
-10.273201, -11.272248

==============================================================================
INPUT:
-10.877850, -11.270246, 0
OUTPUT:
39.726799, 75.330292

==============================================================================
INPUT:
39.680187, 75.250526, 0
OUTPUT:
-10.273201, 161.932831

==============================================================================
INPUT:
-9.880146, 161.250778, 0
OUTPUT:
-110.273201, 161.932831

==============================================================================
INPUT:
-109.507011, 161.927628, 0
OUTPUT:
-160.273193, 75.330292

==============================================================================
INPUT:
-160.215988, 75.427879, 0
OUTPUT:
-110.273201, -11.272248

==============================================================================
INPUT:
-110.580566, -10.738665, 0
OUTPUT:
-160.273193, -97.874786

==============================================================================
INPUT:
-160.224213, -97.788910, 0
OUTPUT:
-60.273201, -97.874786

==============================================================================
INPUT:
-59.362480, -97.875565, 0
OUTPUT:
39.726799, -97.874786

==============================================================================
INPUT:
39.352501, -97.874786, 0
OUTPUT:
89.726799, -11.272248

==============================================================================
INPUT:
89.726799, -11.272248, 0
OUTPUT:
139.726807, 75.330292

==============================================================================
INPUT:
139.554901, 75.032532, 0
OUTPUT:
89.726799, 161.932831

==============================================================================
INPUT:
89.774063, 161.850403, 0
OUTPUT:
39.726799, 248.535370

==============================================================================
INPUT:
40.162891, 247.780045, 0
OUTPUT:
-60.273201, 248.535370

==============================================================================
INPUT:
-61.165230, 248.542099, 0
OUTPUT:
-160.273193, 248.535370

==============================================================================
INPUT:
-160.605438, 248.535355, 0
OUTPUT:
-210.273193, 161.932831

==============================================================================
INPUT:
-210.636612, 161.299164, 0
OUTPUT:
-260.273193, 75.330292

==============================================================================
INPUT:
-259.827179, 76.102768, 0
OUTPUT:
-210.273193, -11.272248

==============================================================================
INPUT:
-210.378525, -11.086538, 0
OUTPUT:
-160.273193, -97.874786

==============================================================================
INPUT:
-160.686691, -97.158554, 0
OUTPUT:
-210.273193, -184.477325

==============================================================================
INPUT:
-209.809387, -183.660599, 0
OUTPUT:
-110.273201, -184.477325

==============================================================================
INPUT:
-111.090988, -184.470612, 0
OUTPUT:
-10.273201, -184.477325

==============================================================================
INPUT:
-9.893274, -184.477341, 0
OUTPUT:
89.726799, -184.477325

==============================================================================
INPUT:
88.878220, -184.477341, 0
OUTPUT:
139.726807, -97.874786

==============================================================================
INPUT:
139.800369, -97.749496, 0
OUTPUT:
189.726807, -11.272248

==============================================================================
INPUT:
189.377975, -11.876457, 0
OUTPUT:
239.726807, 75.330292

==============================================================================
INPUT:
239.726807, 75.330292, 0
OUTPUT:
189.726807, 161.932831

==============================================================================
INPUT:
189.470108, 162.377441, 0
OUTPUT:
139.726807, 248.535370

==============================================================================
INPUT:
140.179855, 247.697296, 0
OUTPUT:
89.726799, 335.137909

==============================================================================
INPUT:
90.177368, 334.357056, 0
OUTPUT:
-10.273201, 335.137909

==============================================================================
INPUT:
-10.603406, 335.140472, 0
OUTPUT:
-110.273201, 335.137909

==============================================================================
INPUT:
-111.270561, 335.137909, 0
OUTPUT:
-210.273193, 335.137909

==============================================================================
INPUT:
-208.561035, 335.137909, 0
OUTPUT:
-260.273193, 248.535370

==============================================================================
INPUT:
-260.604370, 247.980789, 0
OUTPUT:
-310.273193, 161.932831

==============================================================================
INPUT:
-310.740784, 161.122757, 0
OUTPUT:
-360.273193, 75.330292

==============================================================================
INPUT:
-360.113770, 75.606407, 0
OUTPUT:
-310.273193, -11.272248
