
==============================================================================
INPUT:
64.237373, -64.747665, 0
OUTPUT:
214.237366, -64.747665

==============================================================================
INPUT:
215.002350, -64.747665, 0
OUTPUT:
365.002350, -64.747665

==============================================================================
INPUT:
365.002350, -64.747665, 0
OUTPUT:
515.002319, -64.747665

==============================================================================
INPUT:
514.458069, -64.747665, 0
OUTPUT:
664.092651, -54.284195

==============================================================================
INPUT:
665.000977, -54.220680, 0
OUTPUT:
814.635620, -43.757210

==============================================================================
INPUT:
814.944092, -43.735580, 0
OUTPUT:
964.578735, -33.272110

==============================================================================
INPUT:
964.041199, -33.309692, 0
OUTPUT:
1113.675781, -22.846222

==============================================================================
INPUT:
1113.776978, -22.839104, 0
OUTPUT:
1263.411621, -12.375633

==============================================================================
INPUT:
1263.411621, -12.375633, 0
OUTPUT:
1413.046265, -1.912163

==============================================================================
INPUT:
1413.449585, -1.883961, 0
OUTPUT:
1563.084229, 8.579510
