
==============================================================================
INPUT:
1516.315796, 279.234497, 0
OUTPUT:
1416.566040, 291.951569

==============================================================================
INPUT:
1492.500000, 318.500000, 36
OUTPUT:
1523.374023, 327.000946

==============================================================================
INPUT:
1518.148071, 324.552856, 36
OUTPUT:
1494.344971, 362.064697

==============================================================================
INPUT:
1518.592773, 325.143433, 36
OUTPUT:
1535.150757, 290.428192

==============================================================================
INPUT:
1512.170166, 341.034760, 36
OUTPUT:
1530.311768, 333.706757

==============================================================================
INPUT:
1530.980469, 333.429932, 0
OUTPUT:
1472.643188, 290.089294

==============================================================================
INPUT:
1584.108887, 281.288391, 36
OUTPUT:
1524.981689, 262.312561

==============================================================================
INPUT:
1598.500000, 284.500000, 17
OUTPUT:
1527.927734, 248.917435

==============================================================================
INPUT:
1598.500000, 284.500000, 13
OUTPUT:
1571.027710, 304.777740

==============================================================================
INPUT:
1598.447388, 284.538818, 14
OUTPUT:
1528.232422, 316.656708

==============================================================================
INPUT:
1628.658569, 232.147247, 36
OUTPUT:
1580.897583, 215.260223

==============================================================================
INPUT:
1626.357178, 231.001038, 36
OUTPUT:
1629.466797, 283.390625

==============================================================================
INPUT:
1626.689819, 160.564789, 26
OUTPUT:
1644.604614, 230.016373

==============================================================================
INPUT:
1723.737183, 227.761337, 36
OUTPUT:
1697.611328, 252.707352

==============================================================================
INPUT:
1697.096558, 253.198685, 0
OUTPUT:
1666.878662, 228.642456

==============================================================================
INPUT:
1645.991821, 169.095871, 36
OUTPUT:
1606.600220, 237.444641

==============================================================================
INPUT:
1606.725952, 237.226593, 0
OUTPUT:
1671.203613, 283.682953

==============================================================================
INPUT:
1671.282349, 283.739624, 0
OUTPUT:
1638.011108, 232.028595

==============================================================================
INPUT:
1637.807739, 231.712418, 0
OUTPUT:
1668.526245, 184.088043

==============================================================================
INPUT:
1668.274414, 184.478394, 0
OUTPUT:
1610.273071, 223.472015

==============================================================================
INPUT:
1610.869507, 223.070908, 0
OUTPUT:
1567.898438, 267.737701

==============================================================================
INPUT:
1568.459473, 266.667694, 0
OUTPUT:
1570.978027, 261.115753

==============================================================================
INPUT:
1570.950684, 261.176178, 0
OUTPUT:
1638.717529, 266.842194

==============================================================================
INPUT:
1639.495483, 266.907257, 0
OUTPUT:
1605.311279, 273.897003

==============================================================================
INPUT:
1605.320801, 273.895050, 0
OUTPUT:
1613.115845, 298.253052

==============================================================================
INPUT:
1612.953247, 297.744995, 0
OUTPUT:
1583.935547, 268.178986

==============================================================================
INPUT:
1583.274658, 267.505676, 0
OUTPUT:
1627.965942, 262.150208

==============================================================================
INPUT:
1628.729004, 262.058838, 0
OUTPUT:
1615.503540, 211.163849

==============================================================================
INPUT:
1615.560059, 211.381729, 0
OUTPUT:
1613.684204, 249.600845

==============================================================================
INPUT:
1613.721924, 248.835052, 0
OUTPUT:
1670.940918, 265.313019

==============================================================================
INPUT:
1670.111938, 265.074310, 0
OUTPUT:
1619.405762, 266.186432

==============================================================================
INPUT:
1619.749146, 266.178925, 0
OUTPUT:
1581.165527, 269.034790

==============================================================================
INPUT:
1580.885498, 269.055542, 0
OUTPUT:
1570.256714, 295.272064

==============================================================================
INPUT:
1570.382446, 294.962128, 0
OUTPUT:
1632.134277, 291.695709

==============================================================================
INPUT:
1631.306274, 291.739532, 0
OUTPUT:
1623.386475, 223.493805

==============================================================================
INPUT:
1623.337646, 223.073883, 0
OUTPUT:
1646.189941, 194.330948

==============================================================================
INPUT:
1645.697754, 194.949951, 0
OUTPUT:
1667.609131, 227.085602

==============================================================================
INPUT:
1667.609131, 227.085602, 0
OUTPUT:
1621.214478, 260.548340

==============================================================================
INPUT:
1621.638794, 260.242249, 0
OUTPUT:
1591.262573, 246.653275

==============================================================================
INPUT:
1591.468018, 246.745193, 0
OUTPUT:
1604.833618, 215.793488

==============================================================================
INPUT:
1604.456177, 216.667343, 0
OUTPUT:
1636.122925, 250.190384

==============================================================================
INPUT:
1635.878662, 249.931915, 0
OUTPUT:
1629.911743, 201.508713

==============================================================================
INPUT:
1629.793945, 200.554047, 0
OUTPUT:
1663.327393, 167.996689

==============================================================================
INPUT:
1662.814697, 168.494461, 0
OUTPUT:
1662.452026, 193.157379

==============================================================================
INPUT:
1662.445557, 193.592606, 0
OUTPUT:
1696.266724, 248.764160

==============================================================================
INPUT:
1696.266724, 248.764160, 0
OUTPUT:
1646.387695, 237.074402

==============================================================================
INPUT:
1645.464355, 236.858047, 0
OUTPUT:
1673.176514, 216.231308

==============================================================================
INPUT:
1673.738281, 215.813095, 0
OUTPUT:
1629.797241, 271.782104

==============================================================================
INPUT:
1630.185913, 271.287018, 0
OUTPUT:
1654.001709, 261.429596

==============================================================================
INPUT:
1654.320923, 261.297455, 0
OUTPUT:
1671.226807, 284.047974

==============================================================================
INPUT:
1670.670532, 283.299316, 0
OUTPUT:
1652.062744, 298.635498

==============================================================================
INPUT:
1651.637451, 298.985962, 0
OUTPUT:
1694.352783, 285.324585

==============================================================================
INPUT:
1693.965820, 285.448334, 0
OUTPUT:
1676.597290, 237.649628

==============================================================================
INPUT:
1676.553345, 237.529022, 0
OUTPUT:
1659.526367, 249.585831

==============================================================================
INPUT:
1660.212769, 249.099808, 0
OUTPUT:
1682.950928, 204.841232

==============================================================================
INPUT:
1683.072266, 204.604996, 0
OUTPUT:
1689.108887, 195.336823

==============================================================================
INPUT:
1688.755493, 195.879486, 0
OUTPUT:
1627.579224, 203.751343

==============================================================================
INPUT:
1626.914429, 203.836884, 0
OUTPUT:
1651.300415, 247.226624

==============================================================================
INPUT:
1650.877319, 246.485413, 0
OUTPUT:
1648.690552, 262.593109

==============================================================================
INPUT:
1648.744995, 262.191864, 0
OUTPUT:
1605.650024, 200.129852

==============================================================================
INPUT:
1605.819336, 200.373718, 0
OUTPUT:
1644.267944, 245.803680

==============================================================================
INPUT:
1644.089722, 245.593063, 0
OUTPUT:
1600.213379, 245.581772

==============================================================================
INPUT:
1601.175781, 245.582016, 0
OUTPUT:
1571.346313, 236.794220

==============================================================================
INPUT:
1570.987915, 236.007065, 0
OUTPUT:
1625.026367, 237.772614

==============================================================================
INPUT:
1625.026367, 237.772614, 0
OUTPUT:
1620.317627, 205.970566

==============================================================================
INPUT:
1620.208984, 205.237411, 0
OUTPUT:
1604.873657, 214.223587

==============================================================================
INPUT:
1604.636230, 214.362671, 0
OUTPUT:
1622.366699, 224.439682

==============================================================================
INPUT:
1621.508057, 223.951675, 0
OUTPUT:
1592.177246, 228.646729

==============================================================================
INPUT:
1593.138550, 228.492874, 0
OUTPUT:
1637.931641, 273.181305

==============================================================================
INPUT:
1638.470215, 273.718567, 0
OUTPUT:
1618.857788, 225.761307

==============================================================================
INPUT:
1618.906128, 225.879440, 0
OUTPUT:
1622.352783, 279.755035

==============================================================================
INPUT:
1622.363770, 279.926910, 0
OUTPUT:
1637.449341, 223.022491

==============================================================================
INPUT:
1637.595459, 222.471512, 0
OUTPUT:
1677.110107, 181.706528

==============================================================================
INPUT:
1677.242310, 181.570129, 0
OUTPUT:
1625.126343, 187.288330

==============================================================================
INPUT:
1625.970947, 187.195679, 0
OUTPUT:
1619.454468, 184.444244

==============================================================================
INPUT:
1619.333862, 184.393326, 0
OUTPUT:
1635.594727, 205.639938

==============================================================================
INPUT:
1635.723511, 205.808151, 0
OUTPUT:
1642.692383, 231.885544

==============================================================================
INPUT:
1642.682007, 231.846954, 0
OUTPUT:
1667.381836, 244.240051
