
==============================================================================
INPUT:
1694.219360, 572.502869, 0
OUTPUT:
1794.219360, 572.502869

==============================================================================
INPUT:
1692.128540, 567.753540, 36
OUTPUT:
1692.128540, 567.753540

==============================================================================
INPUT:
1693.843506, 552.167419, 36
OUTPUT:
1693.843506, 552.167419

==============================================================================
INPUT:
1722.310547, 531.748413, 36
OUTPUT:
1722.310547, 531.748413

==============================================================================
INPUT:
1725.385010, 574.385010, 36
OUTPUT:
1725.385010, 574.385010

==============================================================================
INPUT:
1763.374023, 576.647583, 7
OUTPUT:
1763.374023, 576.647583

==============================================================================
INPUT:
1826.582397, 580.361450, 36
OUTPUT:
1826.582397, 580.361450

==============================================================================
INPUT:
1826.582397, 580.361450, 0
OUTPUT:
1692.128540, 567.753540

==============================================================================
INPUT:
1692.201172, 567.760315, 0
OUTPUT:
1792.128540, 567.753540

==============================================================================
INPUT:
1792.220459, 567.753479, 0
OUTPUT:
1842.128540, 654.356079

==============================================================================
INPUT:
1892.101929, 659.991150, 36
OUTPUT:
1892.101929, 659.991150

==============================================================================
INPUT:
1896.500000, 743.500000, 23
OUTPUT:
1896.500000, 743.500000

==============================================================================
INPUT:
1855.500000, 796.500000, 35
OUTPUT:
1855.500000, 796.500000

==============================================================================
INPUT:
1855.500000, 796.500000, 6
OUTPUT:
1855.500000, 796.500000

==============================================================================
INPUT:
1855.500000, 796.500000, 25
OUTPUT:
1855.500000, 796.500000

==============================================================================
INPUT:
1854.096680, 830.899841, 36
OUTPUT:
1854.096680, 830.899841

==============================================================================
INPUT:
1854.096680, 830.899841, 36
OUTPUT:
1854.096680, 830.899841

==============================================================================
INPUT:
1858.035645, 831.419617, 36
OUTPUT:
1858.035645, 831.419617

==============================================================================
INPUT:
1820.500000, 831.500000, 10
OUTPUT:
1820.500000, 831.500000

==============================================================================
INPUT:
1820.500000, 831.500000, 36
OUTPUT:
1820.500000, 831.500000

==============================================================================
INPUT:
1766.658691, 834.476440, 36
OUTPUT:
1766.658691, 834.476440

==============================================================================
INPUT:
1766.658691, 834.476440, 0
OUTPUT:
1842.128540, 654.356079

==============================================================================
INPUT:
1745.562500, 749.717407, 36
OUTPUT:
1745.562500, 749.717407

==============================================================================
INPUT:
1743.790039, 717.466736, 36
OUTPUT:
1743.790039, 717.466736

==============================================================================
INPUT:
1744.286743, 716.896484, 0
OUTPUT:
1842.128540, 654.356079

==============================================================================
INPUT:
1842.189331, 654.317200, 0
OUTPUT:
1792.128540, 740.958618

==============================================================================
INPUT:
1792.514648, 740.290466, 0
OUTPUT:
1692.128540, 740.958618

==============================================================================
INPUT:
1691.259888, 740.964417, 0
OUTPUT:
1642.128540, 654.356079

==============================================================================
INPUT:
1642.128540, 654.356079, 0
OUTPUT:
1692.128540, 567.753540

==============================================================================
INPUT:
1691.700806, 568.494385, 0
OUTPUT:
1792.128540, 567.753540

==============================================================================
INPUT:
1792.128540, 567.753540, 0
OUTPUT:
1892.128540, 567.753540
